<?xml version="1.0" encoding="UTF-8"?>
<testng-results skipped="0" failed="0" ignored="0" total="1" passed="1">
  <reporter-output>
  </reporter-output>
  <suite name="Selenium.SeleniumTest" duration-ms="14766" started-at="2020-02-16T12:55:29 IST" finished-at="2020-02-16T12:55:44 IST">
    <groups>
    </groups>
    <test name="Command line test" duration-ms="14766" started-at="2020-02-16T12:55:29 IST" finished-at="2020-02-16T12:55:44 IST">
      <class name="Selenium.SeleniumTest">
        <test-method status="PASS" signature="BeforeTest()[pri:0, instance:Selenium.SeleniumTest@343f4d3d]" name="BeforeTest" is-config="true" duration-ms="8100" started-at="2020-02-16T12:55:29 IST" finished-at="2020-02-16T12:55:37 IST">
          <reporter-output>
          </reporter-output>
        </test-method> <!-- BeforeTest -->
        <test-method status="PASS" signature="table()[pri:0, instance:Selenium.SeleniumTest@343f4d3d]" name="table" duration-ms="6438" started-at="2020-02-16T12:55:37 IST" finished-at="2020-02-16T12:55:43 IST">
          <reporter-output>
          </reporter-output>
        </test-method> <!-- table -->
        <test-method status="PASS" signature="teardown()[pri:0, instance:Selenium.SeleniumTest@343f4d3d]" name="teardown" is-config="true" duration-ms="174" started-at="2020-02-16T12:55:43 IST" finished-at="2020-02-16T12:55:44 IST">
          <reporter-output>
          </reporter-output>
        </test-method> <!-- teardown -->
      </class> <!-- Selenium.SeleniumTest -->
    </test> <!-- Command line test -->
  </suite> <!-- Selenium.SeleniumTest -->
</testng-results>
