<?xml version="1.0" encoding="UTF-8"?>
<testng-results skipped="0" failed="0" ignored="0" total="1" passed="1">
  <reporter-output>
  </reporter-output>
  <suite name="Default suite" duration-ms="22300" started-at="2020-02-14T00:54:57 IST" finished-at="2020-02-14T00:55:20 IST">
    <groups>
    </groups>
    <test name="Default test" duration-ms="22300" started-at="2020-02-14T00:54:57 IST" finished-at="2020-02-14T00:55:20 IST">
      <class name="Selenium.SeleniumTest">
        <test-method status="PASS" signature="BeforeTest()[pri:0, instance:Selenium.SeleniumTest@578486a3]" name="BeforeTest" is-config="true" duration-ms="14679" started-at="2020-02-14T00:54:57 IST" finished-at="2020-02-14T00:55:12 IST">
          <reporter-output>
          </reporter-output>
        </test-method> <!-- BeforeTest -->
        <test-method status="PASS" signature="table()[pri:0, instance:Selenium.SeleniumTest@578486a3]" name="table" duration-ms="7345" started-at="2020-02-14T00:55:12 IST" finished-at="2020-02-14T00:55:19 IST">
          <reporter-output>
          </reporter-output>
        </test-method> <!-- table -->
        <test-method status="PASS" signature="teardown()[pri:0, instance:Selenium.SeleniumTest@578486a3]" name="teardown" is-config="true" duration-ms="221" started-at="2020-02-14T00:55:19 IST" finished-at="2020-02-14T00:55:20 IST">
          <reporter-output>
          </reporter-output>
        </test-method> <!-- teardown -->
      </class> <!-- Selenium.SeleniumTest -->
    </test> <!-- Default test -->
  </suite> <!-- Default suite -->
</testng-results>
